::1 - - [22/Jan/2025:15:13:31 +0000] "GET / HTTP/1.1" 403 300
::1 - - [22/Jan/2025:15:13:31 +0000] "GET /favicon.ico HTTP/1.1" 404 297
::1 - - [22/Jan/2025:15:15:28 +0000] "GET / HTTP/1.1" 403 300
::1 - - [22/Jan/2025:15:20:00 +0000] "GET / HTTP/1.1" 403 300
::1 - - [22/Jan/2025:15:20:00 +0000] "GET /favicon.ico HTTP/1.1" 404 297
::1 - - [22/Jan/2025:15:21:02 +0000] "GET / HTTP/1.1" 403 300
::1 - - [22/Jan/2025:15:21:03 +0000] "GET / HTTP/1.1" 403 300
::1 - - [22/Jan/2025:15:21:20 +0000] "GET / HTTP/1.1" 403 300
::1 - - [22/Jan/2025:15:21:21 +0000] "GET / HTTP/1.1" 403 300
::1 - - [22/Jan/2025:15:21:21 +0000] "GET / HTTP/1.1" 403 300
::1 - - [22/Jan/2025:15:21:21 +0000] "GET / HTTP/1.1" 403 300
::1 - - [22/Jan/2025:15:21:21 +0000] "GET / HTTP/1.1" 403 300
::1 - - [22/Jan/2025:15:21:51 +0000] "GET / HTTP/1.1" 403 300
::1 - - [22/Jan/2025:15:21:52 +0000] "GET / HTTP/1.1" 403 300
::1 - - [22/Jan/2025:15:21:53 +0000] "GET / HTTP/1.1" 403 300
::1 - - [22/Jan/2025:15:22:35 +0000] "GET / HTTP/1.1" 200 6
::1 - - [22/Jan/2025:15:23:35 +0000] "GET / HTTP/1.1" 200 236
::1 - - [22/Jan/2025:15:26:20 +0000] "GET / HTTP/1.1" 200 236
::1 - - [22/Jan/2025:15:26:20 +0000] "GET /favicon.ico HTTP/1.1" 404 298
::1 - - [22/Jan/2025:15:39:08 +0000] "GET / HTTP/1.1" 200 20
::1 - - [22/Jan/2025:15:58:17 +0000] "GET / HTTP/1.1" 200 257
::1 - - [22/Jan/2025:15:59:17 +0000] "GET / HTTP/1.1" 200 20
::1 - - [22/Jan/2025:15:59:18 +0000] "GET / HTTP/1.1" 200 20
::1 - - [22/Jan/2025:15:59:32 +0000] "GET / HTTP/1.1" 200 20
::1 - - [22/Jan/2025:15:59:33 +0000] "GET / HTTP/1.1" 200 20
::1 - - [22/Jan/2025:15:59:36 +0000] "GET / HTTP/1.1" 200 20
::1 - - [22/Jan/2025:15:59:36 +0000] "GET /favicon.ico HTTP/1.1" 404 298
::1 - - [22/Jan/2025:15:59:48 +0000] "GET / HTTP/1.1" 200 20
::1 - - [22/Jan/2025:15:59:49 +0000] "GET / HTTP/1.1" 200 20
::1 - - [22/Jan/2025:16:00:02 +0000] "GET / HTTP/1.1" 200 257
::1 - - [22/Jan/2025:16:00:16 +0000] "GET / HTTP/1.1" 200 20
::1 - - [22/Jan/2025:16:01:06 +0000] "GET / HTTP/1.1" 200 262
::1 - - [22/Jan/2025:16:01:10 +0000] "GET / HTTP/1.1" 200 270
::1 - - [22/Jan/2025:16:01:17 +0000] "GET / HTTP/1.1" 200 20
::1 - - [22/Jan/2025:16:02:46 +0000] "GET / HTTP/1.1" 200 20
::1 - - [22/Jan/2025:16:02:46 +0000] "GET / HTTP/1.1" 200 20
::1 - - [22/Jan/2025:16:03:03 +0000] "GET / HTTP/1.1" 200 20
::1 - - [22/Jan/2025:16:03:48 +0000] "GET / HTTP/1.1" 200 20
::1 - - [22/Jan/2025:16:06:36 +0000] "GET / HTTP/1.1" 200 20
::1 - - [22/Jan/2025:16:07:53 +0000] "GET / HTTP/1.1" 200 20
::1 - - [22/Jan/2025:16:12:49 +0000] "GET / HTTP/1.1" 200 492
::1 - - [22/Jan/2025:16:12:56 +0000] "GET / HTTP/1.1" 200 492
::1 - - [22/Jan/2025:16:13:50 +0000] "GET / HTTP/1.1" 200 492
::1 - - [22/Jan/2025:16:15:23 +0000] "GET / HTTP/1.1" 200 664
::1 - - [22/Jan/2025:16:16:14 +0000] "GET / HTTP/1.1" 200 666
::1 - - [22/Jan/2025:16:16:46 +0000] "GET / HTTP/1.1" 200 772
::1 - - [22/Jan/2025:16:16:47 +0000] "GET /api1.py HTTP/1.1" 404 298
::1 - - [22/Jan/2025:16:18:47 +0000] "GET / HTTP/1.1" 200 772
::1 - - [22/Jan/2025:16:18:48 +0000] "GET /api1.py HTTP/1.1" 200 18
::1 - - [22/Jan/2025:16:18:50 +0000] "GET / HTTP/1.1" 200 772
::1 - - [22/Jan/2025:16:18:51 +0000] "GET /api1.py HTTP/1.1" 200 18
::1 - - [22/Jan/2025:16:20:34 +0000] "GET / HTTP/1.1" 500 647
::1 - - [22/Jan/2025:16:20:41 +0000] "GET / HTTP/1.1" 500 647
::1 - - [22/Jan/2025:16:20:44 +0000] "GET / HTTP/1.1" 500 647
::1 - - [22/Jan/2025:16:20:44 +0000] "GET / HTTP/1.1" 500 647
::1 - - [22/Jan/2025:16:21:13 +0000] "GET / HTTP/1.1" 200 772
::1 - - [22/Jan/2025:16:21:14 +0000] "GET /api1.py HTTP/1.1" 200 18
::1 - - [22/Jan/2025:16:22:11 +0000] "GET / HTTP/1.1" 500 647
::1 - - [22/Jan/2025:16:22:30 +0000] "GET / HTTP/1.1" 200 772
::1 - - [22/Jan/2025:16:22:31 +0000] "GET /api1.py HTTP/1.1" 200 18
::1 - - [22/Jan/2025:16:22:42 +0000] "GET / HTTP/1.1" 200 769
::1 - - [22/Jan/2025:16:22:43 +0000] "GET /api1 HTTP/1.1" 200 18
::1 - - [22/Jan/2025:16:24:39 +0000] "GET / HTTP/1.1" 200 772
::1 - - [22/Jan/2025:16:24:40 +0000] "GET /api1.py HTTP/1.1" 200 18
::1 - - [22/Jan/2025:16:25:39 +0000] "GET / HTTP/1.1" 200 1509
::1 - - [22/Jan/2025:16:35:18 +0000] "GET / HTTP/1.1" 200 1766
::1 - - [22/Jan/2025:16:35:19 +0000] "GET /api1.py HTTP/1.1" 200 18
::1 - - [22/Jan/2025:16:35:20 +0000] "GET /api1.py HTTP/1.1" 200 18
::1 - - [22/Jan/2025:16:35:21 +0000] "GET /api1.py HTTP/1.1" 200 18
::1 - - [22/Jan/2025:16:35:21 +0000] "GET /api1.py HTTP/1.1" 200 18
::1 - - [22/Jan/2025:16:35:22 +0000] "GET /api1.py HTTP/1.1" 200 18
::1 - - [22/Jan/2025:16:35:22 +0000] "GET /api1.py HTTP/1.1" 200 18
::1 - - [22/Jan/2025:16:35:23 +0000] "GET /api1.py HTTP/1.1" 200 18
::1 - - [22/Jan/2025:16:35:23 +0000] "GET /api1.py HTTP/1.1" 200 18
::1 - - [22/Jan/2025:16:35:23 +0000] "GET /api1.py HTTP/1.1" 200 18
::1 - - [22/Jan/2025:16:36:14 +0000] "GET / HTTP/1.1" 200 1767
::1 - - [22/Jan/2025:16:36:14 +0000] "POST /api1.py HTTP/1.1" 200 18
::1 - - [22/Jan/2025:16:36:15 +0000] "GET /api1.py HTTP/1.1" 200 18
::1 - - [22/Jan/2025:16:51:21 +0000] "GET / HTTP/1.1" 200 1764
::1 - - [22/Jan/2025:16:51:22 +0000] "GET /api1.py HTTP/1.1" 200 3306
::1 - - [22/Jan/2025:16:51:49 +0000] "GET / HTTP/1.1" 200 1764
::1 - - [22/Jan/2025:16:51:50 +0000] "GET /api1.py HTTP/1.1" 200 3306
::1 - - [22/Jan/2025:16:58:03 +0000] "GET / HTTP/1.1" 200 1764
::1 - - [22/Jan/2025:16:58:04 +0000] "GET /api1.py HTTP/1.1" 200 72
::1 - - [22/Jan/2025:17:00:20 +0000] "GET / HTTP/1.1" 200 1764
::1 - - [22/Jan/2025:17:00:20 +0000] "GET /api1.py HTTP/1.1" 500 646
::1 - - [22/Jan/2025:17:00:32 +0000] "GET / HTTP/1.1" 200 1764
::1 - - [22/Jan/2025:17:00:33 +0000] "GET /api1.py HTTP/1.1" 200 564
::1 - - [22/Jan/2025:17:02:24 +0000] "GET /api1.py HTTP/1.1" 200 1142
::1 - - [22/Jan/2025:17:03:36 +0000] "GET / HTTP/1.1" 200 1919
::1 - - [22/Jan/2025:17:03:37 +0000] "GET /favicon.ico HTTP/1.1" 404 297
::1 - - [22/Jan/2025:17:03:38 +0000] "GET /api1.py HTTP/1.1" 200 594
::1 - - [22/Jan/2025:17:04:03 +0000] "POST /api1.py HTTP/1.1" 200 713
::1 - - [22/Jan/2025:17:04:18 +0000] "GET / HTTP/1.1" 200 1919
::1 - - [22/Jan/2025:17:04:18 +0000] "POST /api1.py HTTP/1.1" 200 3742
::1 - - [22/Jan/2025:17:04:28 +0000] "GET / HTTP/1.1" 200 1919
::1 - - [22/Jan/2025:17:04:29 +0000] "POST /api1.py HTTP/1.1" 200 3742
::1 - - [22/Jan/2025:17:06:59 +0000] "GET / HTTP/1.1" 200 1919
::1 - - [22/Jan/2025:17:07:00 +0000] "GET /api1.py HTTP/1.1" 200 3596
::1 - - [22/Jan/2025:17:07:01 +0000] "POST /api1.py HTTP/1.1" 200 3742
::1 - - [22/Jan/2025:17:07:02 +0000] "GET /api1.py HTTP/1.1" 200 3596
::1 - - [22/Jan/2025:17:07:03 +0000] "POST /api1.py HTTP/1.1" 200 3742
::1 - - [22/Jan/2025:17:07:31 +0000] "GET / HTTP/1.1" 200 1919
::1 - - [22/Jan/2025:17:07:32 +0000] "POST /api1.py HTTP/1.1" 200 727
::1 - - [22/Jan/2025:17:07:34 +0000] "GET /api1.py HTTP/1.1" 200 608
::1 - - [22/Jan/2025:17:08:00 +0000] "POST /api1.py HTTP/1.1" 200 727
::1 - - [22/Jan/2025:17:14:32 +0000] "GET /api1.py HTTP/1.1" 200 608
::1 - - [22/Jan/2025:17:33:56 +0000] "GET / HTTP/1.1" 200 1945
::1 - - [22/Jan/2025:17:33:57 +0000] "GET /api1.py?x=10&b=true&name=%D0%95%D0%B3%D0%BE%D1%80 HTTP/1.1" 200 41
::1 - - [22/Jan/2025:17:42:47 +0000] "GET / HTTP/1.1" 200 3954
::1 - - [22/Jan/2025:17:42:48 +0000] "GET / HTTP/1.1" 200 3954
::1 - - [22/Jan/2025:17:42:49 +0000] "POST /cgi-bin/api HTTP/1.1" 404 297
::1 - - [22/Jan/2025:17:42:51 +0000] "POST /cgi-bin/api1.py HTTP/1.1" 404 297
::1 - - [22/Jan/2025:17:42:52 +0000] "POST /cgi-bin/api1.py HTTP/1.1" 404 297
::1 - - [22/Jan/2025:17:42:52 +0000] "POST /cgi-bin/api HTTP/1.1" 404 297
::1 - - [22/Jan/2025:17:42:53 +0000] "GET / HTTP/1.1" 200 3954
::1 - - [22/Jan/2025:17:42:55 +0000] "POST /cgi-bin/api1.py HTTP/1.1" 404 297
::1 - - [22/Jan/2025:17:43:01 +0000] "POST /cgi-bin/api HTTP/1.1" 404 297
::1 - - [22/Jan/2025:17:43:02 +0000] "GET /api2?x=10&b=true&name=%D0%84%D2%91%D0%BE%D1%80&&json HTTP/1.1" 404 297
::1 - - [22/Jan/2025:17:43:08 +0000] "GET /api2?x=10&b=true&name=%D0%84%D2%91%D0%BE%D1%80&&json HTTP/1.1" 404 297
::1 - - [22/Jan/2025:17:43:31 +0000] "GET / HTTP/1.1" 200 1945
::1 - - [22/Jan/2025:17:44:36 +0000] "GET / HTTP/1.1" 200 1945
::1 - - [22/Jan/2025:17:44:37 +0000] "GET /api1.py?x=10&b=true&name=%D0%95%D0%B3%D0%BE%D1%80 HTTP/1.1" 200 25
::1 - - [22/Jan/2025:17:44:38 +0000] "POST /api1.py HTTP/1.1" 200 -
::1 - - [22/Jan/2025:17:44:39 +0000] "GET /api1.py?x=10&b=true&name=%D0%95%D0%B3%D0%BE%D1%80 HTTP/1.1" 200 25
::1 - - [22/Jan/2025:17:44:40 +0000] "POST /api1.py HTTP/1.1" 200 -
::1 - - [22/Jan/2025:17:44:40 +0000] "GET /api1.py?x=10&b=true&name=%D0%95%D0%B3%D0%BE%D1%80 HTTP/1.1" 200 25
::1 - - [22/Jan/2025:17:46:24 +0000] "GET /api1.py?x=10&b=true&name=%D0%95%D0%B3%D0%BE%D1%80 HTTP/1.1" 200 44
::1 - - [22/Jan/2025:17:49:23 +0000] "GET / HTTP/1.1" 200 1945
::1 - - [22/Jan/2025:17:49:24 +0000] "GET /api1.py?x=10&b=true&name=%D0%95%D0%B3%D0%BE%D1%80 HTTP/1.1" 200 60
::1 - - [22/Jan/2025:17:49:43 +0000] "POST /api1.py HTTP/1.1" 200 2
::1 - - [22/Jan/2025:17:49:43 +0000] "GET /api1.py?x=10&b=true&name=%D0%95%D0%B3%D0%BE%D1%80 HTTP/1.1" 200 60
::1 - - [22/Jan/2025:17:49:53 +0000] "GET / HTTP/1.1" 200 1946
::1 - - [22/Jan/2025:17:49:54 +0000] "GET /api1.py?x=10&b=true&name=%D0%95%D0%B3%D0%BE%D1%80& HTTP/1.1" 200 60
::1 - - [22/Jan/2025:17:50:10 +0000] "GET / HTTP/1.1" 200 1950
::1 - - [22/Jan/2025:17:50:10 +0000] "GET /api1.py?x=10&b=true&name=%D0%95%D0%B3%D0%BE%D1%80&json HTTP/1.1" 200 74
::1 - - [22/Jan/2025:17:50:26 +0000] "GET /api1.py?x=10&b=true&name=%D0%95%D0%B3%D0%BE%D1%80&json HTTP/1.1" 200 74
::1 - - [22/Jan/2025:17:50:27 +0000] "GET /api1.py?x=10&b=true&name=%D0%95%D0%B3%D0%BE%D1%80&json HTTP/1.1" 200 74
::1 - - [22/Jan/2025:17:52:10 +0000] "GET / HTTP/1.1" 200 1951
::1 - - [22/Jan/2025:17:52:10 +0000] "GET /api1.py?x=10&b=true&name=%D0%95%D0%B3%D0%BE%D1%80&&json HTTP/1.1" 200 74
::1 - - [22/Jan/2025:17:52:46 +0000] "GET / HTTP/1.1" 200 1951
::1 - - [22/Jan/2025:17:52:47 +0000] "GET /api1.py?x=10&b=true&name=%D0%95%D0%B3%D0%BE%D1%80&&json HTTP/1.1" 200 58
::1 - - [22/Jan/2025:17:58:20 +0000] "GET / HTTP/1.1" 200 2093
::1 - - [22/Jan/2025:17:58:20 +0000] "GET /api1.py?x=10&b=true&name=%D0%95%D0%B3%D0%BE%D1%80&&json HTTP/1.1" 500 646
::1 - - [22/Jan/2025:17:58:21 +0000] "POST /api1.py HTTP/1.1" 500 646
